[INFO ] 2024-03-22 20:53:03 [main] AssertionTests - Get request has been performed...
[INFO ] 2024-03-22 21:01:57 [main] AssertionTests - Get request has been performed...
[INFO ] 2024-03-22 21:04:11 [main] AssertionTests - Get request has been performed...
[INFO ] 2024-03-22 21:04:58 [main] AssertionTests - Get request has been performed...
[INFO ] 2024-03-24 14:46:59 [main] AssertionTests - Get request has been performed...
[INFO ] 2024-03-24 14:57:55 [main] AssertionTests - Get request has been performed...
[INFO ] 2024-03-24 15:00:19 [main] AssertionTests - Get request has been performed...
[INFO ] 2024-03-24 15:12:01 [main] AssertionTests - Get request has been performed...
[ERROR] 2024-03-24 15:12:01 [main] Assertions - Field 'lname' has type 'String' expected 'Integer'.
[INFO ] 2024-03-24 15:22:21 [main] AssertionTests - Get request has been performed...
[INFO ] 2024-03-24 15:23:02 [main] AssertionTests - Get request has been performed...
[INFO ] 2024-03-24 15:26:35 [main] AssertionTests - Get request has been performed...
[INFO ] 2024-03-24 16:29:15 [main] AssertionTests - Get request has been performed...
[INFO ] 2024-03-24 16:29:15 [main] AssertionTests - Get request has been performed...
[INFO ] 2024-03-24 16:29:15 [main] AssertionTests - Get request has been performed...
[INFO ] 2024-03-24 16:33:31 [main] AssertionTests - Get request has been performed...
[INFO ] 2024-03-24 16:33:31 [main] AssertionTests - Get request has been performed...
[INFO ] 2024-03-24 16:33:31 [main] AssertionTests - Get request has been performed...
[INFO ] 2024-03-24 17:15:22 [main] AssertionTests - Get request has been performed...
[INFO ] 2024-03-24 17:15:22 [main] AssertionTests - Get request has been performed...
[INFO ] 2024-03-24 17:15:22 [main] AssertionTests - Get request has been performed...
[INFO ] 2024-03-24 17:19:20 [main] AssertionTests - Get request has been performed...
[INFO ] 2024-03-24 17:19:20 [main] AssertionTests - Get request has been performed...
[INFO ] 2024-03-24 17:19:20 [main] AssertionTests - Get request has been performed...
[INFO ] 2024-03-24 17:21:22 [main] AssertionTests - Get request has sent...
[INFO ] 2024-03-24 17:29:03 [main] AssertionTests - Get request has sent...
[INFO ] 2024-03-24 17:29:03 [main] AssertionTests - Get request has sent...
[INFO ] 2024-03-24 17:29:03 [main] AssertionTests - Get request has sent...
[INFO ] 2024-03-24 17:29:44 [main] AssertionTests - Get request has sent...
[INFO ] 2024-03-24 17:29:45 [main] AssertionTests - Get request has sent...
[INFO ] 2024-03-24 17:29:45 [main] AssertionTests - Get request has sent...
[INFO ] 2024-03-24 17:32:56 [main] AssertionTests - Get request has sent...
[INFO ] 2024-03-24 17:32:56 [main] AssertionTests - Get request has sent...
[INFO ] 2024-03-24 17:32:56 [main] AssertionTests - Get request has sent...
[INFO ] 2024-03-24 17:38:15 [main] AssertionTests - Get request has sent...
[INFO ] 2024-03-24 17:38:16 [main] AssertionTests - Get request has sent...
[INFO ] 2024-03-24 17:38:16 [main] AssertionTests - Get request has sent...
[INFO ] 2024-03-24 17:40:52 [main] AssertionTests - Get request has sent...
[INFO ] 2024-03-24 17:40:52 [main] AssertionTests - Get request has sent...
[INFO ] 2024-03-24 17:40:52 [main] AssertionTests - Get request has sent...
[INFO ] 2024-03-24 17:40:52 [main] AssertionTests - Get request has been performed...
[INFO ] 2024-03-24 17:40:52 [main] AssertionTests - Get request has been performed...
[INFO ] 2024-03-24 17:40:52 [main] AssertionTests - Get request has been performed...
[INFO ] 2024-03-24 17:47:40 [main] AssertionTests - Get request has sent...
[INFO ] 2024-03-24 17:47:40 [main] AssertionTests - Get request has sent...
[INFO ] 2024-03-24 17:47:40 [main] AssertionTests - Get request has sent...
[INFO ] 2024-03-24 17:47:40 [main] AssertionTests - Get request has been performed...
[INFO ] 2024-03-24 17:47:40 [main] AssertionTests - Get request has been performed...
[INFO ] 2024-03-24 17:47:40 [main] AssertionTests - Get request has been performed...
[INFO ] 2024-03-24 17:49:58 [main] AssertionTests - Get request has sent...
[INFO ] 2024-03-24 17:49:58 [main] AssertionTests - Get request has sent...
[INFO ] 2024-03-24 17:49:58 [main] AssertionTests - Get request has sent...
[INFO ] 2024-03-24 17:49:59 [main] AssertionTests - Get request has been performed...
[INFO ] 2024-03-24 17:49:59 [main] AssertionTests - Get request has been performed...
[INFO ] 2024-03-24 17:49:59 [main] AssertionTests - Get request has been performed...
[INFO ] 2024-03-25 09:42:33 [TestNG-tests-1] AssertionTests - Get request has sent...
[INFO ] 2024-03-25 09:42:34 [TestNG-tests-1] AssertionTests - Get request has sent...
[INFO ] 2024-03-25 09:42:36 [TestNG-tests-1] AssertionTests - Get request has sent...
[INFO ] 2024-03-25 09:42:38 [TestNG-tests-1] AssertionTests - Get request has been performed...
[INFO ] 2024-03-25 09:42:38 [TestNG-tests-1] AssertionTests - Get request has been performed...
[INFO ] 2024-03-25 09:42:38 [TestNG-tests-1] AssertionTests - Get request has been performed...
[INFO ] 2024-03-25 09:51:33 [TestNG-tests-1] AssertionTests - Get request has sent...
[INFO ] 2024-03-25 09:51:33 [TestNG-tests-1] AssertionTests - Get request has sent...
[INFO ] 2024-03-25 09:51:34 [TestNG-tests-1] AssertionTests - Get request has sent...
[INFO ] 2024-03-25 09:51:34 [TestNG-tests-1] AssertionTests - Get request has been performed...
[INFO ] 2024-03-25 09:51:35 [TestNG-tests-1] AssertionTests - Get request has been performed...
[INFO ] 2024-03-25 09:51:35 [TestNG-tests-1] AssertionTests - Get request has been performed...
[INFO ] 2024-03-25 09:54:59 [TestNG-tests-1] AssertionTests - Get request has sent...
[INFO ] 2024-03-25 09:55:00 [TestNG-tests-1] AssertionTests - Get request has sent...
[INFO ] 2024-03-25 09:55:00 [TestNG-tests-1] AssertionTests - Get request has sent...
[INFO ] 2024-03-25 09:55:01 [TestNG-tests-1] AssertionTests - Get request has been performed...
[INFO ] 2024-03-25 09:55:01 [TestNG-tests-1] AssertionTests - Get request has been performed...
[INFO ] 2024-03-25 09:55:01 [TestNG-tests-1] AssertionTests - Get request has been performed...
[INFO ] 2024-03-25 09:59:42 [TestNG-tests-1] AssertionTests - Get request has sent...
[INFO ] 2024-03-25 09:59:42 [TestNG-tests-1] AssertionTests - Get request has sent...
[INFO ] 2024-03-25 09:59:43 [TestNG-tests-1] AssertionTests - Get request has sent...
[INFO ] 2024-03-25 09:59:43 [TestNG-tests-1] AssertionTests - Get request has been performed...
[INFO ] 2024-03-25 09:59:44 [TestNG-tests-1] AssertionTests - Get request has been performed...
[INFO ] 2024-03-25 09:59:44 [TestNG-tests-1] AssertionTests - Get request has been performed...
